{"/Users/saravillegas/Desktop/S03-26-Equipo-13-Web-App/apps/api/src/app.controller.ts": {"path":"/Users/saravillegas/Desktop/S03-26-Equipo-13-Web-App/apps/api/src/app.controller.ts","statementMap":{"0":{"start":{"line":1,"column":0},"end":{"line":1,"column":49}},"1":{"start":{"line":2,"column":0},"end":{"line":2,"column":43}},"2":{"start":{"line":5,"column":7},"end":{"line":12,"column":null}},"3":{"start":{"line":6,"column":31},"end":{"line":6,"column":43}},"4":{"start":{"line":10,"column":4},"end":{"line":10,"column":38}},"5":{"start":{"line":5,"column":13},"end":{"line":5,"column":26}},"6":{"start":{"line":9,"column":2},"end":{"line":11,"column":null}},"7":{"start":{"line":5,"column":13},"end":{"line":12,"column":null}}},"fnMap":{"0":{"name":"(anonymous_2)","decl":{"start":{"line":6,"column":2},"end":{"line":6,"column":31}},"loc":{"start":{"line":6,"column":53},"end":{"line":6,"column":57}}},"1":{"name":"(anonymous_3)","decl":{"start":{"line":9,"column":2},"end":{"line":9,"column":10}},"loc":{"start":{"line":9,"column":10},"end":{"line":11,"column":3}}}},"branchMap":{"0":{"loc":{"start":{"line":6,"column":43},"end":{"line":6,"column":56}},"type":"cond-expr","locations":[{"start":{"line":6,"column":53},"end":{"line":6,"column":56}},{"start":{"line":6,"column":53},"end":{"line":6,"column":56}}]},"1":{"loc":{"start":{"line":6,"column":43},"end":{"line":6,"column":53}},"type":"binary-expr","locations":[{"start":{"line":6,"column":43},"end":{"line":6,"column":56}},{"start":{"line":6,"column":43},"end":{"line":6,"column":53}}]}},"s":{"0":1,"1":1,"2":1,"3":1,"4":1,"5":1,"6":1,"7":1},"f":{"0":1,"1":1},"b":{"0":[1,0],"1":[1,1]}}
,"/Users/saravillegas/Desktop/S03-26-Equipo-13-Web-App/apps/api/src/app.module.ts": {"path":"/Users/saravillegas/Desktop/S03-26-Equipo-13-Web-App/apps/api/src/app.module.ts","statementMap":{"0":{"start":{"line":1,"column":0},"end":{"line":1,"column":40}},"1":{"start":{"line":2,"column":0},"end":{"line":2,"column":49}},"2":{"start":{"line":3,"column":0},"end":{"line":3,"column":43}},"3":{"start":{"line":4,"column":0},"end":{"line":4,"column":60}},"4":{"start":{"line":5,"column":0},"end":{"line":5,"column":48}},"5":{"start":{"line":6,"column":0},"end":{"line":6,"column":48}},"6":{"start":{"line":7,"column":0},"end":{"line":7,"column":56}},"7":{"start":{"line":8,"column":0},"end":{"line":8,"column":54}},"8":{"start":{"line":15,"column":7},"end":{"line":15,"column":null}},"9":{"start":{"line":15,"column":13},"end":{"line":15,"column":22}},"10":{"start":{"line":15,"column":13},"end":{"line":15,"column":null}}},"fnMap":{},"branchMap":{},"s":{"0":0,"1":0,"2":0,"3":0,"4":0,"5":0,"6":0,"7":0,"8":0,"9":0,"10":0},"f":{},"b":{}}
,"/Users/saravillegas/Desktop/S03-26-Equipo-13-Web-App/apps/api/src/app.service.ts": {"path":"/Users/saravillegas/Desktop/S03-26-Equipo-13-Web-App/apps/api/src/app.service.ts","statementMap":{"0":{"start":{"line":1,"column":0},"end":{"line":1,"column":44}},"1":{"start":{"line":4,"column":7},"end":{"line":8,"column":null}},"2":{"start":{"line":6,"column":4},"end":{"line":6,"column":26}},"3":{"start":{"line":4,"column":13},"end":{"line":4,"column":23}},"4":{"start":{"line":4,"column":13},"end":{"line":8,"column":null}}},"fnMap":{"0":{"name":"(anonymous_1)","decl":{"start":{"line":5,"column":2},"end":{"line":5,"column":10}},"loc":{"start":{"line":5,"column":10},"end":{"line":7,"column":3}}}},"branchMap":{},"s":{"0":1,"1":1,"2":1,"3":1,"4":1},"f":{"0":1},"b":{}}
,"/Users/saravillegas/Desktop/S03-26-Equipo-13-Web-App/apps/api/src/main.ts": {"path":"/Users/saravillegas/Desktop/S03-26-Equipo-13-Web-App/apps/api/src/main.ts","statementMap":{"0":{"start":{"line":1,"column":0},"end":{"line":1,"column":43}},"1":{"start":{"line":2,"column":0},"end":{"line":2,"column":41}},"2":{"start":{"line":3,"column":0},"end":{"line":3,"column":65}},"3":{"start":{"line":6,"column":14},"end":{"line":6,"column":49}},"4":{"start":{"line":8,"column":17},"end":{"line":13,"column":12}},"5":{"start":{"line":15,"column":19},"end":{"line":15,"column":60}},"6":{"start":{"line":16,"column":2},"end":{"line":16,"column":45}},"7":{"start":{"line":18,"column":2},"end":{"line":18,"column":45}},"8":{"start":{"line":20,"column":0},"end":{"line":20,"column":12}}},"fnMap":{"0":{"name":"bootstrap","decl":{"start":{"line":5,"column":15},"end":{"line":5,"column":24}},"loc":{"start":{"line":5,"column":24},"end":{"line":19,"column":1}}}},"branchMap":{"0":{"loc":{"start":{"line":18,"column":19},"end":{"line":18,"column":43}},"type":"binary-expr","locations":[{"start":{"line":18,"column":19},"end":{"line":18,"column":35}},{"start":{"line":18,"column":39},"end":{"line":18,"column":43}}]}},"s":{"0":0,"1":0,"2":0,"3":0,"4":0,"5":0,"6":0,"7":0,"8":0},"f":{"0":0},"b":{"0":[0,0]}}
,"/Users/saravillegas/Desktop/S03-26-Equipo-13-Web-App/apps/api/src/auth/auth.controller.ts": {"path":"/Users/saravillegas/Desktop/S03-26-Equipo-13-Web-App/apps/api/src/auth/auth.controller.ts","statementMap":{"0":{"start":{"line":1,"column":0},"end":{"line":1,"column":65}},"1":{"start":{"line":2,"column":0},"end":{"line":2,"column":null}},"2":{"start":{"line":10,"column":0},"end":{"line":10,"column":45}},"3":{"start":{"line":11,"column":0},"end":{"line":11,"column":45}},"4":{"start":{"line":12,"column":0},"end":{"line":12,"column":49}},"5":{"start":{"line":13,"column":0},"end":{"line":13,"column":43}},"6":{"start":{"line":16,"column":7},"end":{"line":54,"column":null}},"7":{"start":{"line":17,"column":22},"end":{"line":17,"column":35}},"8":{"start":{"line":21,"column":4},"end":{"line":25,"column":5}},"9":{"start":{"line":22,"column":6},"end":{"line":22,"column":58}},"10":{"start":{"line":24,"column":6},"end":{"line":24,"column":46}},"11":{"start":{"line":31,"column":4},"end":{"line":35,"column":5}},"12":{"start":{"line":32,"column":6},"end":{"line":32,"column":52}},"13":{"start":{"line":34,"column":6},"end":{"line":34,"column":46}},"14":{"start":{"line":42,"column":4},"end":{"line":42,"column":37}},"15":{"start":{"line":48,"column":19},"end":{"line":48,"column":31}},"16":{"start":{"line":49,"column":4},"end":{"line":51,"column":5}},"17":{"start":{"line":50,"column":6},"end":{"line":50,"column":71}},"18":{"start":{"line":52,"column":4},"end":{"line":52,"column":54}},"19":{"start":{"line":16,"column":13},"end":{"line":16,"column":27}},"20":{"start":{"line":20,"column":8},"end":{"line":26,"column":null}},"21":{"start":{"line":30,"column":8},"end":{"line":36,"column":null}},"22":{"start":{"line":41,"column":8},"end":{"line":43,"column":null}},"23":{"start":{"line":47,"column":8},"end":{"line":53,"column":null}},"24":{"start":{"line":16,"column":13},"end":{"line":54,"column":null}}},"fnMap":{"0":{"name":"(anonymous_4)","decl":{"start":{"line":17,"column":2},"end":{"line":17,"column":22}},"loc":{"start":{"line":17,"column":46},"end":{"line":17,"column":50}}},"1":{"name":"(anonymous_5)","decl":{"start":{"line":20,"column":8},"end":{"line":20,"column":16}},"loc":{"start":{"line":20,"column":49},"end":{"line":26,"column":3}}},"2":{"name":"(anonymous_6)","decl":{"start":{"line":30,"column":8},"end":{"line":30,"column":13}},"loc":{"start":{"line":30,"column":40},"end":{"line":36,"column":3}}},"3":{"name":"(anonymous_7)","decl":{"start":{"line":41,"column":8},"end":{"line":41,"column":14}},"loc":{"start":{"line":41,"column":34},"end":{"line":43,"column":3}}},"4":{"name":"(anonymous_8)","decl":{"start":{"line":47,"column":8},"end":{"line":47,"column":10}},"loc":{"start":{"line":47,"column":30},"end":{"line":53,"column":3}}}},"branchMap":{"0":{"loc":{"start":{"line":49,"column":4},"end":{"line":51,"column":5}},"type":"if","locations":[{"start":{"line":49,"column":4},"end":{"line":51,"column":5}},{"start":{},"end":{}}]},"1":{"loc":{"start":{"line":20,"column":38},"end":{"line":20,"column":null}},"type":"cond-expr","locations":[{"start":{"line":20,"column":49},"end":{"line":20,"column":null}},{"start":{"line":20,"column":49},"end":{"line":20,"column":null}}]},"2":{"loc":{"start":{"line":20,"column":38},"end":{"line":20,"column":49}},"type":"binary-expr","locations":[{"start":{"line":20,"column":38},"end":{"line":20,"column":null}},{"start":{"line":20,"column":38},"end":{"line":20,"column":49}}]},"3":{"loc":{"start":{"line":30,"column":32},"end":{"line":30,"column":null}},"type":"cond-expr","locations":[{"start":{"line":30,"column":40},"end":{"line":30,"column":null}},{"start":{"line":30,"column":40},"end":{"line":30,"column":null}}]},"4":{"loc":{"start":{"line":30,"column":32},"end":{"line":30,"column":40}},"type":"binary-expr","locations":[{"start":{"line":30,"column":32},"end":{"line":30,"column":null}},{"start":{"line":30,"column":32},"end":{"line":30,"column":40}}]},"5":{"loc":{"start":{"line":17,"column":35},"end":{"line":17,"column":49}},"type":"cond-expr","locations":[{"start":{"line":17,"column":46},"end":{"line":17,"column":49}},{"start":{"line":17,"column":46},"end":{"line":17,"column":49}}]},"6":{"loc":{"start":{"line":17,"column":35},"end":{"line":17,"column":46}},"type":"binary-expr","locations":[{"start":{"line":17,"column":35},"end":{"line":17,"column":49}},{"start":{"line":17,"column":35},"end":{"line":17,"column":46}}]}},"s":{"0":1,"1":1,"2":1,"3":1,"4":1,"5":1,"6":1,"7":8,"8":2,"9":2,"10":1,"11":2,"12":2,"13":1,"14":1,"15":3,"16":3,"17":2,"18":1,"19":1,"20":1,"21":1,"22":1,"23":1,"24":1},"f":{"0":8,"1":2,"2":2,"3":1,"4":3},"b":{"0":[2,1],"1":[1,0],"2":[1,1],"3":[1,0],"4":[1,1],"5":[1,0],"6":[1,1]}}
,"/Users/saravillegas/Desktop/S03-26-Equipo-13-Web-App/apps/api/src/auth/auth.module.ts": {"path":"/Users/saravillegas/Desktop/S03-26-Equipo-13-Web-App/apps/api/src/auth/auth.module.ts","statementMap":{"0":{"start":{"line":1,"column":0},"end":{"line":1,"column":40}},"1":{"start":{"line":2,"column":0},"end":{"line":2,"column":51}},"2":{"start":{"line":3,"column":0},"end":{"line":3,"column":45}},"3":{"start":{"line":4,"column":0},"end":{"line":4,"column":56}},"4":{"start":{"line":5,"column":0},"end":{"line":5,"column":56}},"5":{"start":{"line":6,"column":0},"end":{"line":6,"column":50}},"6":{"start":{"line":7,"column":0},"end":{"line":7,"column":56}},"7":{"start":{"line":21,"column":7},"end":{"line":21,"column":null}},"8":{"start":{"line":21,"column":13},"end":{"line":21,"column":23}},"9":{"start":{"line":21,"column":13},"end":{"line":21,"column":null}}},"fnMap":{},"branchMap":{"0":{"loc":{"start":{"line":15,"column":14},"end":{"line":15,"column":58}},"type":"binary-expr","locations":[{"start":{"line":15,"column":14},"end":{"line":15,"column":36}},{"start":{"line":15,"column":40},"end":{"line":15,"column":58}}]}},"s":{"0":0,"1":0,"2":0,"3":0,"4":0,"5":0,"6":0,"7":0,"8":0,"9":0},"f":{},"b":{"0":[0,0]}}
,"/Users/saravillegas/Desktop/S03-26-Equipo-13-Web-App/apps/api/src/auth/auth.service.ts": {"path":"/Users/saravillegas/Desktop/S03-26-Equipo-13-Web-App/apps/api/src/auth/auth.service.ts","statementMap":{"0":{"start":{"line":1,"column":0},"end":{"line":1,"column":65}},"1":{"start":{"line":3,"column":0},"end":{"line":3,"column":46}},"2":{"start":{"line":4,"column":0},"end":{"line":4,"column":52}},"3":{"start":{"line":5,"column":0},"end":{"line":5,"column":33}},"4":{"start":{"line":7,"column":0},"end":{"line":7,"column":41}},"5":{"start":{"line":10,"column":7},"end":{"line":122,"column":null}},"6":{"start":{"line":12,"column":21},"end":{"line":12,"column":34}},"7":{"start":{"line":13,"column":21},"end":{"line":13,"column":33}},"8":{"start":{"line":15,"column":19},"end":{"line":15,"column":37}},"9":{"start":{"line":18,"column":28},"end":{"line":20,"column":6}},"10":{"start":{"line":22,"column":4},"end":{"line":24,"column":5}},"11":{"start":{"line":23,"column":6},"end":{"line":23,"column":75}},"12":{"start":{"line":25,"column":27},"end":{"line":25,"column":70}},"13":{"start":{"line":26,"column":17},"end":{"line":26,"column":44}},"14":{"start":{"line":27,"column":4},"end":{"line":27,"column":53}},"15":{"start":{"line":28,"column":17},"end":{"line":35,"column":6}},"16":{"start":{"line":36,"column":29},"end":{"line":41,"column":6}},"17":{"start":{"line":43,"column":25},"end":{"line":43,"column":54}},"18":{"start":{"line":44,"column":26},"end":{"line":44,"column":76}},"19":{"start":{"line":45,"column":4},"end":{"line":45,"column":31}},"20":{"start":{"line":46,"column":4},"end":{"line":49,"column":7}},"21":{"start":{"line":51,"column":4},"end":{"line":60,"column":6}},"22":{"start":{"line":64,"column":17},"end":{"line":66,"column":6}},"23":{"start":{"line":67,"column":4},"end":{"line":69,"column":5}},"24":{"start":{"line":68,"column":6},"end":{"line":68,"column":65}},"25":{"start":{"line":70,"column":26},"end":{"line":72,"column":null}},"26":{"start":{"line":74,"column":4},"end":{"line":76,"column":5}},"27":{"start":{"line":75,"column":6},"end":{"line":75,"column":65}},"28":{"start":{"line":78,"column":29},"end":{"line":83,"column":6}},"29":{"start":{"line":85,"column":25},"end":{"line":85,"column":54}},"30":{"start":{"line":86,"column":26},"end":{"line":86,"column":76}},"31":{"start":{"line":88,"column":4},"end":{"line":88,"column":31}},"32":{"start":{"line":89,"column":4},"end":{"line":92,"column":7}},"33":{"start":{"line":94,"column":4},"end":{"line":103,"column":6}},"34":{"start":{"line":107,"column":4},"end":{"line":116,"column":7}},"35":{"start":{"line":120,"column":4},"end":{"line":120,"column":50}},"36":{"start":{"line":10,"column":13},"end":{"line":10,"column":24}},"37":{"start":{"line":10,"column":13},"end":{"line":122,"column":null}}},"fnMap":{"0":{"name":"(anonymous_11)","decl":{"start":{"line":11,"column":2},"end":{"line":11,"column":null}},"loc":{"start":{"line":13,"column":43},"end":{"line":14,"column":6}}},"1":{"name":"(anonymous_12)","decl":{"start":{"line":17,"column":2},"end":{"line":17,"column":7}},"loc":{"start":{"line":17,"column":41},"end":{"line":61,"column":3}}},"2":{"name":"(anonymous_13)","decl":{"start":{"line":63,"column":2},"end":{"line":63,"column":7}},"loc":{"start":{"line":63,"column":59},"end":{"line":104,"column":3}}},"3":{"name":"(anonymous_14)","decl":{"start":{"line":106,"column":2},"end":{"line":106,"column":7}},"loc":{"start":{"line":106,"column":30},"end":{"line":117,"column":3}}},"4":{"name":"(anonymous_15)","decl":{"start":{"line":119,"column":2},"end":{"line":119,"column":7}},"loc":{"start":{"line":119,"column":14},"end":{"line":121,"column":3}}}},"branchMap":{"0":{"loc":{"start":{"line":22,"column":4},"end":{"line":24,"column":5}},"type":"if","locations":[{"start":{"line":22,"column":4},"end":{"line":24,"column":5}},{"start":{},"end":{}}]},"1":{"loc":{"start":{"line":26,"column":17},"end":{"line":26,"column":44}},"type":"binary-expr","locations":[{"start":{"line":26,"column":17},"end":{"line":26,"column":33}},{"start":{"line":26,"column":37},"end":{"line":26,"column":44}}]},"2":{"loc":{"start":{"line":67,"column":4},"end":{"line":69,"column":5}},"type":"if","locations":[{"start":{"line":67,"column":4},"end":{"line":69,"column":5}},{"start":{},"end":{}}]},"3":{"loc":{"start":{"line":74,"column":4},"end":{"line":76,"column":5}},"type":"if","locations":[{"start":{"line":74,"column":4},"end":{"line":76,"column":5}},{"start":{},"end":{}}]},"4":{"loc":{"start":{"line":12,"column":34},"end":{"line":12,"column":null}},"type":"cond-expr","locations":[{"start":{"line":12,"column":45},"end":{"line":12,"column":null}},{"start":{"line":12,"column":45},"end":{"line":12,"column":null}}]},"5":{"loc":{"start":{"line":12,"column":34},"end":{"line":12,"column":45}},"type":"binary-expr","locations":[{"start":{"line":12,"column":34},"end":{"line":12,"column":null}},{"start":{"line":12,"column":34},"end":{"line":12,"column":45}}]},"6":{"loc":{"start":{"line":12,"column":45},"end":{"line":13,"column":null}},"type":"cond-expr","locations":[{"start":{"line":13,"column":43},"end":{"line":13,"column":null}},{"start":{"line":13,"column":43},"end":{"line":13,"column":null}}]},"7":{"loc":{"start":{"line":12,"column":45},"end":{"line":13,"column":43}},"type":"binary-expr","locations":[{"start":{"line":12,"column":45},"end":{"line":13,"column":null}},{"start":{"line":13,"column":33},"end":{"line":13,"column":43}}]}},"s":{"0":2,"1":2,"2":2,"3":2,"4":2,"5":2,"6":10,"7":10,"8":10,"9":4,"10":4,"11":2,"12":2,"13":2,"14":2,"15":2,"16":2,"17":2,"18":2,"19":2,"20":2,"21":2,"22":5,"23":5,"24":2,"25":3,"26":3,"27":2,"28":1,"29":1,"30":1,"31":1,"32":1,"33":1,"34":2,"35":1,"36":2,"37":2},"f":{"0":10,"1":4,"2":5,"3":2,"4":1},"b":{"0":[2,2],"1":[2,2],"2":[2,3],"3":[2,1],"4":[2,0],"5":[2,2],"6":[2,0],"7":[2,2]}}
,"/Users/saravillegas/Desktop/S03-26-Equipo-13-Web-App/apps/api/src/auth/decorators/roles.decorator.ts": {"path":"/Users/saravillegas/Desktop/S03-26-Equipo-13-Web-App/apps/api/src/auth/decorators/roles.decorator.ts","statementMap":{"0":{"start":{"line":1,"column":0},"end":{"line":1,"column":45}},"1":{"start":{"line":3,"column":13},"end":{"line":3,"column":33}},"2":{"start":{"line":4,"column":21},"end":{"line":4,"column":74}},"3":{"start":{"line":4,"column":45},"end":{"line":4,"column":74}},"4":{"start":{"line":4,"column":13},"end":{"line":4,"column":21}}},"fnMap":{"0":{"name":"(anonymous_0)","decl":{"start":{"line":4,"column":21},"end":{"line":4,"column":22}},"loc":{"start":{"line":4,"column":45},"end":{"line":4,"column":74}}}},"branchMap":{},"s":{"0":0,"1":0,"2":0,"3":0,"4":0},"f":{"0":0},"b":{}}
,"/Users/saravillegas/Desktop/S03-26-Equipo-13-Web-App/apps/api/src/auth/dto/login.dto.ts": {"path":"/Users/saravillegas/Desktop/S03-26-Equipo-13-Web-App/apps/api/src/auth/dto/login.dto.ts","statementMap":{"0":{"start":{"line":1,"column":0},"end":{"line":1,"column":46}},"1":{"start":{"line":2,"column":0},"end":{"line":2,"column":54}},"2":{"start":{"line":4,"column":0},"end":{"line":4,"column":13}},"3":{"start":{"line":8,"column":2},"end":{"line":8,"column":null}},"4":{"start":{"line":12,"column":2},"end":{"line":12,"column":null}}},"fnMap":{},"branchMap":{},"s":{"0":1,"1":1,"2":1,"3":1,"4":1},"f":{},"b":{}}
,"/Users/saravillegas/Desktop/S03-26-Equipo-13-Web-App/apps/api/src/auth/dto/register.dto.ts": {"path":"/Users/saravillegas/Desktop/S03-26-Equipo-13-Web-App/apps/api/src/auth/dto/register.dto.ts","statementMap":{"0":{"start":{"line":2,"column":0},"end":{"line":2,"column":87}},"1":{"start":{"line":4,"column":0},"end":{"line":4,"column":13}},"2":{"start":{"line":7,"column":2},"end":{"line":7,"column":null}},"3":{"start":{"line":12,"column":2},"end":{"line":12,"column":null}},"4":{"start":{"line":16,"column":2},"end":{"line":16,"column":null}},"5":{"start":{"line":20,"column":2},"end":{"line":20,"column":null}}},"fnMap":{},"branchMap":{},"s":{"0":1,"1":1,"2":1,"3":1,"4":1,"5":1},"f":{},"b":{}}
,"/Users/saravillegas/Desktop/S03-26-Equipo-13-Web-App/apps/api/src/auth/strategies/jwt.strategy.ts": {"path":"/Users/saravillegas/Desktop/S03-26-Equipo-13-Web-App/apps/api/src/auth/strategies/jwt.strategy.ts","statementMap":{"0":{"start":{"line":1,"column":0},"end":{"line":1,"column":67}},"1":{"start":{"line":2,"column":0},"end":{"line":2,"column":52}},"2":{"start":{"line":3,"column":0},"end":{"line":3,"column":52}},"3":{"start":{"line":4,"column":0},"end":{"line":4,"column":58}},"4":{"start":{"line":7,"column":7},"end":{"line":31,"column":null}},"5":{"start":{"line":9,"column":4},"end":{"line":13,"column":7}},"6":{"start":{"line":8,"column":31},"end":{"line":8,"column":39}},"7":{"start":{"line":17,"column":17},"end":{"line":19,"column":6}},"8":{"start":{"line":21,"column":4},"end":{"line":21,"column":58}},"9":{"start":{"line":22,"column":4},"end":{"line":24,"column":5}},"10":{"start":{"line":23,"column":6},"end":{"line":23,"column":56}},"11":{"start":{"line":25,"column":4},"end":{"line":27,"column":5}},"12":{"start":{"line":26,"column":6},"end":{"line":26,"column":60}},"13":{"start":{"line":29,"column":4},"end":{"line":29,"column":16}},"14":{"start":{"line":7,"column":13},"end":{"line":7,"column":24}},"15":{"start":{"line":7,"column":13},"end":{"line":31,"column":null}}},"fnMap":{"0":{"name":"(anonymous_2)","decl":{"start":{"line":8,"column":2},"end":{"line":8,"column":31}},"loc":{"start":{"line":8,"column":52},"end":{"line":14,"column":3}}},"1":{"name":"(anonymous_3)","decl":{"start":{"line":16,"column":2},"end":{"line":16,"column":7}},"loc":{"start":{"line":16,"column":29},"end":{"line":30,"column":3}}}},"branchMap":{"0":{"loc":{"start":{"line":12,"column":19},"end":{"line":12,"column":53}},"type":"binary-expr","locations":[{"start":{"line":12,"column":19},"end":{"line":12,"column":41}},{"start":{"line":12,"column":45},"end":{"line":12,"column":53}}]},"1":{"loc":{"start":{"line":22,"column":4},"end":{"line":24,"column":5}},"type":"if","locations":[{"start":{"line":22,"column":4},"end":{"line":24,"column":5}},{"start":{},"end":{}}]},"2":{"loc":{"start":{"line":25,"column":4},"end":{"line":27,"column":5}},"type":"if","locations":[{"start":{"line":25,"column":4},"end":{"line":27,"column":5}},{"start":{},"end":{}}]},"3":{"loc":{"start":{"line":25,"column":8},"end":{"line":25,"column":40}},"type":"binary-expr","locations":[{"start":{"line":25,"column":8},"end":{"line":25,"column":19}},{"start":{"line":25,"column":23},"end":{"line":25,"column":40}}]},"4":{"loc":{"start":{"line":8,"column":39},"end":{"line":8,"column":null}},"type":"cond-expr","locations":[{"start":{"line":8,"column":52},"end":{"line":8,"column":null}},{"start":{"line":8,"column":52},"end":{"line":8,"column":null}}]},"5":{"loc":{"start":{"line":8,"column":39},"end":{"line":8,"column":52}},"type":"binary-expr","locations":[{"start":{"line":8,"column":39},"end":{"line":8,"column":null}},{"start":{"line":8,"column":39},"end":{"line":8,"column":52}}]}},"s":{"0":0,"1":0,"2":0,"3":0,"4":0,"5":0,"6":0,"7":0,"8":0,"9":0,"10":0,"11":0,"12":0,"13":0,"14":0,"15":0},"f":{"0":0,"1":0},"b":{"0":[0,0],"1":[0,0],"2":[0,0],"3":[0,0],"4":[0,0],"5":[0,0]}}
,"/Users/saravillegas/Desktop/S03-26-Equipo-13-Web-App/apps/api/src/contacts/contacts.controller.ts": {"path":"/Users/saravillegas/Desktop/S03-26-Equipo-13-Web-App/apps/api/src/contacts/contacts.controller.ts","statementMap":{"0":{"start":{"line":1,"column":0},"end":{"line":1,"column":null}},"1":{"start":{"line":11,"column":0},"end":{"line":11,"column":56}},"2":{"start":{"line":12,"column":0},"end":{"line":12,"column":53}},"3":{"start":{"line":13,"column":0},"end":{"line":13,"column":56}},"4":{"start":{"line":18,"column":7},"end":{"line":66,"column":null}},"5":{"start":{"line":19,"column":31},"end":{"line":19,"column":48}},"6":{"start":{"line":28,"column":4},"end":{"line":28,"column":77}},"7":{"start":{"line":34,"column":4},"end":{"line":34,"column":44}},"8":{"start":{"line":40,"column":4},"end":{"line":40,"column":44}},"9":{"start":{"line":49,"column":4},"end":{"line":49,"column":48}},"10":{"start":{"line":58,"column":4},"end":{"line":58,"column":53}},"11":{"start":{"line":64,"column":4},"end":{"line":64,"column":43}},"12":{"start":{"line":18,"column":13},"end":{"line":18,"column":31}},"13":{"start":{"line":23,"column":8},"end":{"line":29,"column":null}},"14":{"start":{"line":33,"column":8},"end":{"line":35,"column":null}},"15":{"start":{"line":39,"column":8},"end":{"line":41,"column":null}},"16":{"start":{"line":45,"column":8},"end":{"line":50,"column":null}},"17":{"start":{"line":54,"column":8},"end":{"line":59,"column":null}},"18":{"start":{"line":63,"column":8},"end":{"line":65,"column":null}},"19":{"start":{"line":18,"column":13},"end":{"line":66,"column":null}}},"fnMap":{"0":{"name":"(anonymous_4)","decl":{"start":{"line":19,"column":2},"end":{"line":19,"column":31}},"loc":{"start":{"line":19,"column":63},"end":{"line":19,"column":67}}},"1":{"name":"(anonymous_5)","decl":{"start":{"line":23,"column":8},"end":{"line":23,"column":15}},"loc":{"start":{"line":26,"column":32},"end":{"line":29,"column":3}}},"2":{"name":"(anonymous_6)","decl":{"start":{"line":33,"column":8},"end":{"line":33,"column":15}},"loc":{"start":{"line":33,"column":39},"end":{"line":35,"column":3}}},"3":{"name":"(anonymous_7)","decl":{"start":{"line":39,"column":8},"end":{"line":39,"column":14}},"loc":{"start":{"line":39,"column":44},"end":{"line":41,"column":3}}},"4":{"name":"(anonymous_8)","decl":{"start":{"line":45,"column":8},"end":{"line":45,"column":14}},"loc":{"start":{"line":47,"column":42},"end":{"line":50,"column":3}}},"5":{"name":"(anonymous_9)","decl":{"start":{"line":54,"column":8},"end":{"line":54,"column":18}},"loc":{"start":{"line":56,"column":32},"end":{"line":59,"column":3}}},"6":{"name":"(anonymous_10)","decl":{"start":{"line":63,"column":8},"end":{"line":63,"column":14}},"loc":{"start":{"line":63,"column":38},"end":{"line":65,"column":3}}}},"branchMap":{"0":{"loc":{"start":{"line":28,"column":58},"end":{"line":28,"column":75}},"type":"binary-expr","locations":[{"start":{"line":28,"column":58},"end":{"line":28,"column":70}},{"start":{"line":28,"column":74},"end":{"line":28,"column":75}}]},"1":{"loc":{"start":{"line":27,"column":5},"end":{"line":27,"column":null}},"type":"cond-expr","locations":[{"start":{"line":27,"column":12},"end":{"line":27,"column":null}},{"start":{"line":27,"column":12},"end":{"line":27,"column":null}}]},"2":{"loc":{"start":{"line":27,"column":5},"end":{"line":27,"column":12}},"type":"binary-expr","locations":[{"start":{"line":27,"column":5},"end":{"line":27,"column":null}},{"start":{"line":27,"column":5},"end":{"line":27,"column":12}}]},"3":{"loc":{"start":{"line":33,"column":42},"end":{"line":33,"column":null}},"type":"cond-expr","locations":[{"start":{"line":33,"column":49},"end":{"line":33,"column":null}},{"start":{"line":33,"column":49},"end":{"line":33,"column":null}}]},"4":{"loc":{"start":{"line":33,"column":42},"end":{"line":33,"column":49}},"type":"binary-expr","locations":[{"start":{"line":33,"column":42},"end":{"line":33,"column":null}},{"start":{"line":33,"column":42},"end":{"line":33,"column":49}}]},"5":{"loc":{"start":{"line":39,"column":28},"end":{"line":39,"column":47}},"type":"cond-expr","locations":[{"start":{"line":39,"column":44},"end":{"line":39,"column":47}},{"start":{"line":39,"column":44},"end":{"line":39,"column":47}}]},"6":{"loc":{"start":{"line":39,"column":28},"end":{"line":39,"column":44}},"type":"binary-expr","locations":[{"start":{"line":39,"column":28},"end":{"line":39,"column":47}},{"start":{"line":39,"column":28},"end":{"line":39,"column":44}}]},"7":{"loc":{"start":{"line":39,"column":47},"end":{"line":39,"column":null}},"type":"cond-expr","locations":[{"start":{"line":39,"column":54},"end":{"line":39,"column":null}},{"start":{"line":39,"column":54},"end":{"line":39,"column":null}}]},"8":{"loc":{"start":{"line":39,"column":47},"end":{"line":39,"column":54}},"type":"binary-expr","locations":[{"start":{"line":39,"column":47},"end":{"line":39,"column":null}},{"start":{"line":39,"column":47},"end":{"line":39,"column":54}}]},"9":{"loc":{"start":{"line":47,"column":17},"end":{"line":47,"column":42}},"type":"cond-expr","locations":[{"start":{"line":47,"column":24},"end":{"line":47,"column":42}},{"start":{"line":47,"column":24},"end":{"line":47,"column":42}}]},"10":{"loc":{"start":{"line":47,"column":17},"end":{"line":47,"column":24}},"type":"binary-expr","locations":[{"start":{"line":47,"column":17},"end":{"line":47,"column":42}},{"start":{"line":47,"column":17},"end":{"line":47,"column":24}}]},"11":{"loc":{"start":{"line":48,"column":5},"end":{"line":48,"column":null}},"type":"cond-expr","locations":[{"start":{"line":48,"column":12},"end":{"line":48,"column":null}},{"start":{"line":48,"column":12},"end":{"line":48,"column":null}}]},"12":{"loc":{"start":{"line":48,"column":5},"end":{"line":48,"column":12}},"type":"binary-expr","locations":[{"start":{"line":48,"column":5},"end":{"line":48,"column":null}},{"start":{"line":48,"column":5},"end":{"line":48,"column":12}}]},"13":{"loc":{"start":{"line":57,"column":5},"end":{"line":57,"column":null}},"type":"cond-expr","locations":[{"start":{"line":57,"column":12},"end":{"line":57,"column":null}},{"start":{"line":57,"column":12},"end":{"line":57,"column":null}}]},"14":{"loc":{"start":{"line":57,"column":5},"end":{"line":57,"column":12}},"type":"binary-expr","locations":[{"start":{"line":57,"column":5},"end":{"line":57,"column":null}},{"start":{"line":57,"column":5},"end":{"line":57,"column":12}}]},"15":{"loc":{"start":{"line":63,"column":41},"end":{"line":63,"column":null}},"type":"cond-expr","locations":[{"start":{"line":63,"column":48},"end":{"line":63,"column":null}},{"start":{"line":63,"column":48},"end":{"line":63,"column":null}}]},"16":{"loc":{"start":{"line":63,"column":41},"end":{"line":63,"column":48}},"type":"binary-expr","locations":[{"start":{"line":63,"column":41},"end":{"line":63,"column":null}},{"start":{"line":63,"column":41},"end":{"line":63,"column":48}}]},"17":{"loc":{"start":{"line":19,"column":48},"end":{"line":19,"column":66}},"type":"cond-expr","locations":[{"start":{"line":19,"column":63},"end":{"line":19,"column":66}},{"start":{"line":19,"column":63},"end":{"line":19,"column":66}}]},"18":{"loc":{"start":{"line":19,"column":48},"end":{"line":19,"column":63}},"type":"binary-expr","locations":[{"start":{"line":19,"column":48},"end":{"line":19,"column":66}},{"start":{"line":19,"column":48},"end":{"line":19,"column":63}}]}},"s":{"0":1,"1":1,"2":1,"3":1,"4":1,"5":1,"6":0,"7":0,"8":0,"9":0,"10":0,"11":0,"12":1,"13":1,"14":1,"15":1,"16":1,"17":1,"18":1,"19":1},"f":{"0":1,"1":0,"2":0,"3":0,"4":0,"5":0,"6":0},"b":{"0":[0,0],"1":[1,0],"2":[1,1],"3":[1,0],"4":[1,1],"5":[1,0],"6":[1,1],"7":[1,0],"8":[1,1],"9":[0,1],"10":[1,0],"11":[1,0],"12":[1,1],"13":[1,0],"14":[1,1],"15":[1,0],"16":[1,1],"17":[1,0],"18":[1,1]}}
,"/Users/saravillegas/Desktop/S03-26-Equipo-13-Web-App/apps/api/src/contacts/contacts.module.ts": {"path":"/Users/saravillegas/Desktop/S03-26-Equipo-13-Web-App/apps/api/src/contacts/contacts.module.ts","statementMap":{"0":{"start":{"line":1,"column":0},"end":{"line":1,"column":40}},"1":{"start":{"line":2,"column":0},"end":{"line":2,"column":59}},"2":{"start":{"line":3,"column":0},"end":{"line":3,"column":53}},"3":{"start":{"line":9,"column":7},"end":{"line":9,"column":null}},"4":{"start":{"line":9,"column":13},"end":{"line":9,"column":27}},"5":{"start":{"line":9,"column":13},"end":{"line":9,"column":null}}},"fnMap":{},"branchMap":{},"s":{"0":0,"1":0,"2":0,"3":0,"4":0,"5":0},"f":{},"b":{}}
,"/Users/saravillegas/Desktop/S03-26-Equipo-13-Web-App/apps/api/src/contacts/contacts.service.ts": {"path":"/Users/saravillegas/Desktop/S03-26-Equipo-13-Web-App/apps/api/src/contacts/contacts.service.ts","statementMap":{"0":{"start":{"line":1,"column":0},"end":{"line":1,"column":63}},"1":{"start":{"line":2,"column":0},"end":{"line":2,"column":46}},"2":{"start":{"line":5,"column":15},"end":{"line":5,"column":33}},"3":{"start":{"line":8,"column":7},"end":{"line":78,"column":null}},"4":{"start":{"line":10,"column":17},"end":{"line":10,"column":19}},"5":{"start":{"line":11,"column":17},"end":{"line":11,"column":34}},"6":{"start":{"line":13,"column":4},"end":{"line":27,"column":7}},"7":{"start":{"line":31,"column":20},"end":{"line":34,"column":6}},"8":{"start":{"line":36,"column":4},"end":{"line":36,"column":78}},"9":{"start":{"line":36,"column":18},"end":{"line":36,"column":78}},"10":{"start":{"line":38,"column":4},"end":{"line":38,"column":19}},"11":{"start":{"line":42,"column":4},"end":{"line":42,"column":43}},"12":{"start":{"line":46,"column":20},"end":{"line":46,"column":70}},"13":{"start":{"line":47,"column":4},"end":{"line":47,"column":78}},"14":{"start":{"line":47,"column":18},"end":{"line":47,"column":78}},"15":{"start":{"line":49,"column":4},"end":{"line":49,"column":58}},"16":{"start":{"line":53,"column":20},"end":{"line":53,"column":70}},"17":{"start":{"line":54,"column":4},"end":{"line":54,"column":78}},"18":{"start":{"line":54,"column":18},"end":{"line":54,"column":78}},"19":{"start":{"line":56,"column":17},"end":{"line":63,"column":null}},"20":{"start":{"line":58,"column":8},"end":{"line":62,"column":10}},"21":{"start":{"line":65,"column":4},"end":{"line":69,"column":7}},"22":{"start":{"line":67,"column":44},"end":{"line":67,"column":56}},"23":{"start":{"line":73,"column":20},"end":{"line":73,"column":70}},"24":{"start":{"line":74,"column":4},"end":{"line":74,"column":78}},"25":{"start":{"line":74,"column":18},"end":{"line":74,"column":78}},"26":{"start":{"line":76,"column":4},"end":{"line":76,"column":52}},"27":{"start":{"line":8,"column":13},"end":{"line":8,"column":28}},"28":{"start":{"line":8,"column":13},"end":{"line":78,"column":null}}},"fnMap":{"0":{"name":"(anonymous_1)","decl":{"start":{"line":9,"column":2},"end":{"line":9,"column":7}},"loc":{"start":{"line":9,"column":60},"end":{"line":28,"column":3}}},"1":{"name":"(anonymous_2)","decl":{"start":{"line":30,"column":2},"end":{"line":30,"column":7}},"loc":{"start":{"line":30,"column":26},"end":{"line":39,"column":3}}},"2":{"name":"(anonymous_3)","decl":{"start":{"line":41,"column":2},"end":{"line":41,"column":7}},"loc":{"start":{"line":41,"column":37},"end":{"line":43,"column":3}}},"3":{"name":"(anonymous_4)","decl":{"start":{"line":45,"column":2},"end":{"line":45,"column":7}},"loc":{"start":{"line":45,"column":58},"end":{"line":50,"column":3}}},"4":{"name":"(anonymous_5)","decl":{"start":{"line":52,"column":2},"end":{"line":52,"column":7}},"loc":{"start":{"line":52,"column":49},"end":{"line":70,"column":3}}},"5":{"name":"(anonymous_6)","decl":{"start":{"line":57,"column":19},"end":{"line":57,"column":20}},"loc":{"start":{"line":58,"column":8},"end":{"line":62,"column":10}}},"6":{"name":"(anonymous_7)","decl":{"start":{"line":67,"column":36},"end":{"line":67,"column":37}},"loc":{"start":{"line":67,"column":44},"end":{"line":67,"column":56}}},"7":{"name":"(anonymous_8)","decl":{"start":{"line":72,"column":2},"end":{"line":72,"column":7}},"loc":{"start":{"line":72,"column":25},"end":{"line":77,"column":3}}}},"branchMap":{"0":{"loc":{"start":{"line":9,"column":52},"end":{"line":9,"column":60}},"type":"default-arg","locations":[{"start":{"line":9,"column":59},"end":{"line":9,"column":60}}]},"1":{"loc":{"start":{"line":15,"column":12},"end":{"line":15,"column":32}},"type":"binary-expr","locations":[{"start":{"line":15,"column":12},"end":{"line":15,"column":18}},{"start":{"line":15,"column":22},"end":{"line":15,"column":32}}]},"2":{"loc":{"start":{"line":16,"column":12},"end":{"line":22,"column":10}},"type":"binary-expr","locations":[{"start":{"line":16,"column":12},"end":{"line":16,"column":20}},{"start":{"line":16,"column":24},"end":{"line":22,"column":10}}]},"3":{"loc":{"start":{"line":36,"column":4},"end":{"line":36,"column":78}},"type":"if","locations":[{"start":{"line":36,"column":4},"end":{"line":36,"column":78}},{"start":{},"end":{}}]},"4":{"loc":{"start":{"line":47,"column":4},"end":{"line":47,"column":78}},"type":"if","locations":[{"start":{"line":47,"column":4},"end":{"line":47,"column":78}},{"start":{},"end":{}}]},"5":{"loc":{"start":{"line":54,"column":4},"end":{"line":54,"column":78}},"type":"if","locations":[{"start":{"line":54,"column":4},"end":{"line":54,"column":78}},{"start":{},"end":{}}]},"6":{"loc":{"start":{"line":74,"column":4},"end":{"line":74,"column":78}},"type":"if","locations":[{"start":{"line":74,"column":4},"end":{"line":74,"column":78}},{"start":{},"end":{}}]}},"s":{"0":2,"1":2,"2":2,"3":2,"4":0,"5":0,"6":0,"7":0,"8":0,"9":0,"10":0,"11":0,"12":0,"13":0,"14":0,"15":0,"16":0,"17":0,"18":0,"19":0,"20":0,"21":0,"22":0,"23":0,"24":0,"25":0,"26":0,"27":2,"28":2},"f":{"0":0,"1":0,"2":0,"3":0,"4":0,"5":0,"6":0,"7":0},"b":{"0":[0],"1":[0,0],"2":[0,0],"3":[0,0],"4":[0,0],"5":[0,0],"6":[0,0]}}
,"/Users/saravillegas/Desktop/S03-26-Equipo-13-Web-App/apps/api/src/contacts/create-contact.dto.ts": {"path":"/Users/saravillegas/Desktop/S03-26-Equipo-13-Web-App/apps/api/src/contacts/create-contact.dto.ts","statementMap":{"0":{"start":{"line":1,"column":0},"end":{"line":1,"column":64}},"1":{"start":{"line":2,"column":0},"end":{"line":2,"column":46}},"2":{"start":{"line":4,"column":0},"end":{"line":4,"column":13}},"3":{"start":{"line":7,"column":2},"end":{"line":7,"column":null}},"4":{"start":{"line":11,"column":2},"end":{"line":11,"column":null}},"5":{"start":{"line":16,"column":2},"end":{"line":16,"column":null}},"6":{"start":{"line":21,"column":2},"end":{"line":21,"column":null}},"7":{"start":{"line":26,"column":2},"end":{"line":26,"column":null}}},"fnMap":{},"branchMap":{},"s":{"0":1,"1":1,"2":1,"3":1,"4":1,"5":1,"6":1,"7":1},"f":{},"b":{}}
,"/Users/saravillegas/Desktop/S03-26-Equipo-13-Web-App/apps/api/src/prisma/prisma.module.ts": {"path":"/Users/saravillegas/Desktop/S03-26-Equipo-13-Web-App/apps/api/src/prisma/prisma.module.ts","statementMap":{"0":{"start":{"line":1,"column":0},"end":{"line":1,"column":40}},"1":{"start":{"line":2,"column":0},"end":{"line":2,"column":49}},"2":{"start":{"line":8,"column":7},"end":{"line":8,"column":null}},"3":{"start":{"line":8,"column":13},"end":{"line":8,"column":25}},"4":{"start":{"line":8,"column":13},"end":{"line":8,"column":null}}},"fnMap":{},"branchMap":{},"s":{"0":0,"1":0,"2":0,"3":0,"4":0},"f":{},"b":{}}
,"/Users/saravillegas/Desktop/S03-26-Equipo-13-Web-App/apps/api/src/prisma/prisma.service.ts": {"path":"/Users/saravillegas/Desktop/S03-26-Equipo-13-Web-App/apps/api/src/prisma/prisma.service.ts","statementMap":{"0":{"start":{"line":1,"column":0},"end":{"line":1,"column":58}},"1":{"start":{"line":2,"column":0},"end":{"line":2,"column":46}},"2":{"start":{"line":5,"column":7},"end":{"line":9,"column":null}},"3":{"start":{"line":7,"column":4},"end":{"line":7,"column":26}},"4":{"start":{"line":5,"column":13},"end":{"line":5,"column":26}},"5":{"start":{"line":5,"column":13},"end":{"line":9,"column":null}}},"fnMap":{"0":{"name":"(anonymous_1)","decl":{"start":{"line":6,"column":2},"end":{"line":6,"column":7}},"loc":{"start":{"line":6,"column":20},"end":{"line":8,"column":3}}}},"branchMap":{},"s":{"0":1,"1":1,"2":1,"3":1,"4":1,"5":1},"f":{"0":1},"b":{}}
,"/Users/saravillegas/Desktop/S03-26-Equipo-13-Web-App/apps/api/src/user/user.controller.ts": {"path":"/Users/saravillegas/Desktop/S03-26-Equipo-13-Web-App/apps/api/src/user/user.controller.ts","statementMap":{"0":{"start":{"line":1,"column":0},"end":{"line":1,"column":null}},"1":{"start":{"line":13,"column":0},"end":{"line":13,"column":45}},"2":{"start":{"line":14,"column":0},"end":{"line":14,"column":54}},"3":{"start":{"line":15,"column":0},"end":{"line":15,"column":54}},"4":{"start":{"line":18,"column":7},"end":{"line":46,"column":null}},"5":{"start":{"line":19,"column":31},"end":{"line":19,"column":44}},"6":{"start":{"line":24,"column":4},"end":{"line":24,"column":40}},"7":{"start":{"line":29,"column":4},"end":{"line":29,"column":38}},"8":{"start":{"line":34,"column":4},"end":{"line":34,"column":40}},"9":{"start":{"line":39,"column":4},"end":{"line":39,"column":44}},"10":{"start":{"line":44,"column":4},"end":{"line":44,"column":39}},"11":{"start":{"line":18,"column":13},"end":{"line":18,"column":27}},"12":{"start":{"line":23,"column":2},"end":{"line":25,"column":null}},"13":{"start":{"line":28,"column":2},"end":{"line":30,"column":null}},"14":{"start":{"line":33,"column":2},"end":{"line":35,"column":null}},"15":{"start":{"line":38,"column":2},"end":{"line":40,"column":null}},"16":{"start":{"line":43,"column":2},"end":{"line":45,"column":null}},"17":{"start":{"line":18,"column":13},"end":{"line":46,"column":null}}},"fnMap":{"0":{"name":"(anonymous_4)","decl":{"start":{"line":19,"column":2},"end":{"line":19,"column":31}},"loc":{"start":{"line":19,"column":55},"end":{"line":19,"column":59}}},"1":{"name":"(anonymous_5)","decl":{"start":{"line":23,"column":2},"end":{"line":23,"column":8}},"loc":{"start":{"line":23,"column":35},"end":{"line":25,"column":3}}},"2":{"name":"(anonymous_6)","decl":{"start":{"line":28,"column":2},"end":{"line":28,"column":9}},"loc":{"start":{"line":28,"column":9},"end":{"line":30,"column":3}}},"3":{"name":"(anonymous_7)","decl":{"start":{"line":33,"column":2},"end":{"line":33,"column":9}},"loc":{"start":{"line":33,"column":33},"end":{"line":35,"column":3}}},"4":{"name":"(anonymous_8)","decl":{"start":{"line":38,"column":2},"end":{"line":38,"column":8}},"loc":{"start":{"line":38,"column":60},"end":{"line":40,"column":3}}},"5":{"name":"(anonymous_9)","decl":{"start":{"line":43,"column":2},"end":{"line":43,"column":8}},"loc":{"start":{"line":43,"column":32},"end":{"line":45,"column":3}}}},"branchMap":{"0":{"loc":{"start":{"line":23,"column":22},"end":{"line":23,"column":null}},"type":"cond-expr","locations":[{"start":{"line":23,"column":35},"end":{"line":23,"column":null}},{"start":{"line":23,"column":35},"end":{"line":23,"column":null}}]},"1":{"loc":{"start":{"line":23,"column":22},"end":{"line":23,"column":35}},"type":"binary-expr","locations":[{"start":{"line":23,"column":22},"end":{"line":23,"column":null}},{"start":{"line":23,"column":22},"end":{"line":23,"column":35}}]},"2":{"loc":{"start":{"line":38,"column":47},"end":{"line":38,"column":null}},"type":"cond-expr","locations":[{"start":{"line":38,"column":60},"end":{"line":38,"column":null}},{"start":{"line":38,"column":60},"end":{"line":38,"column":null}}]},"3":{"loc":{"start":{"line":38,"column":47},"end":{"line":38,"column":60}},"type":"binary-expr","locations":[{"start":{"line":38,"column":47},"end":{"line":38,"column":null}},{"start":{"line":38,"column":47},"end":{"line":38,"column":60}}]},"4":{"loc":{"start":{"line":19,"column":44},"end":{"line":19,"column":58}},"type":"cond-expr","locations":[{"start":{"line":19,"column":55},"end":{"line":19,"column":58}},{"start":{"line":19,"column":55},"end":{"line":19,"column":58}}]},"5":{"loc":{"start":{"line":19,"column":44},"end":{"line":19,"column":55}},"type":"binary-expr","locations":[{"start":{"line":19,"column":44},"end":{"line":19,"column":58}},{"start":{"line":19,"column":44},"end":{"line":19,"column":55}}]}},"s":{"0":1,"1":1,"2":1,"3":1,"4":1,"5":6,"6":1,"7":1,"8":1,"9":1,"10":1,"11":1,"12":1,"13":1,"14":1,"15":1,"16":1,"17":1},"f":{"0":6,"1":1,"2":1,"3":1,"4":1,"5":1},"b":{"0":[1,0],"1":[1,1],"2":[1,0],"3":[1,1],"4":[1,0],"5":[1,1]}}
,"/Users/saravillegas/Desktop/S03-26-Equipo-13-Web-App/apps/api/src/user/user.module.ts": {"path":"/Users/saravillegas/Desktop/S03-26-Equipo-13-Web-App/apps/api/src/user/user.module.ts","statementMap":{"0":{"start":{"line":1,"column":0},"end":{"line":1,"column":40}},"1":{"start":{"line":2,"column":0},"end":{"line":2,"column":51}},"2":{"start":{"line":3,"column":0},"end":{"line":3,"column":45}},"3":{"start":{"line":10,"column":7},"end":{"line":10,"column":null}},"4":{"start":{"line":10,"column":13},"end":{"line":10,"column":23}},"5":{"start":{"line":10,"column":13},"end":{"line":10,"column":null}}},"fnMap":{},"branchMap":{},"s":{"0":0,"1":0,"2":0,"3":0,"4":0,"5":0},"f":{},"b":{}}
,"/Users/saravillegas/Desktop/S03-26-Equipo-13-Web-App/apps/api/src/user/user.service.ts": {"path":"/Users/saravillegas/Desktop/S03-26-Equipo-13-Web-App/apps/api/src/user/user.service.ts","statementMap":{"0":{"start":{"line":1,"column":0},"end":{"line":1,"column":null}},"1":{"start":{"line":6,"column":0},"end":{"line":6,"column":46}},"2":{"start":{"line":12,"column":7},"end":{"line":91,"column":null}},"3":{"start":{"line":13,"column":19},"end":{"line":13,"column":37}},"4":{"start":{"line":16,"column":4},"end":{"line":16,"column":38}},"5":{"start":{"line":17,"column":26},"end":{"line":19,"column":6}},"6":{"start":{"line":20,"column":4},"end":{"line":22,"column":5}},"7":{"start":{"line":21,"column":6},"end":{"line":21,"column":75}},"8":{"start":{"line":23,"column":17},"end":{"line":32,"column":6}},"9":{"start":{"line":33,"column":4},"end":{"line":33,"column":52}},"10":{"start":{"line":34,"column":4},"end":{"line":34,"column":16}},"11":{"start":{"line":38,"column":4},"end":{"line":46,"column":7}},"12":{"start":{"line":50,"column":17},"end":{"line":59,"column":6}},"13":{"start":{"line":61,"column":4},"end":{"line":63,"column":5}},"14":{"start":{"line":62,"column":6},"end":{"line":62,"column":52}},"15":{"start":{"line":65,"column":4},"end":{"line":65,"column":16}},"16":{"start":{"line":69,"column":4},"end":{"line":69,"column":27}},"17":{"start":{"line":71,"column":4},"end":{"line":81,"column":7}},"18":{"start":{"line":85,"column":4},"end":{"line":85,"column":27}},"19":{"start":{"line":87,"column":4},"end":{"line":89,"column":7}},"20":{"start":{"line":12,"column":13},"end":{"line":12,"column":24}},"21":{"start":{"line":12,"column":13},"end":{"line":91,"column":null}}},"fnMap":{"0":{"name":"(anonymous_1)","decl":{"start":{"line":15,"column":2},"end":{"line":15,"column":7}},"loc":{"start":{"line":15,"column":34},"end":{"line":35,"column":3}}},"1":{"name":"(anonymous_2)","decl":{"start":{"line":37,"column":2},"end":{"line":37,"column":7}},"loc":{"start":{"line":37,"column":15},"end":{"line":47,"column":3}}},"2":{"name":"(anonymous_3)","decl":{"start":{"line":49,"column":2},"end":{"line":49,"column":7}},"loc":{"start":{"line":49,"column":26},"end":{"line":66,"column":3}}},"3":{"name":"(anonymous_4)","decl":{"start":{"line":68,"column":2},"end":{"line":68,"column":7}},"loc":{"start":{"line":68,"column":46},"end":{"line":82,"column":3}}},"4":{"name":"(anonymous_5)","decl":{"start":{"line":84,"column":2},"end":{"line":84,"column":7}},"loc":{"start":{"line":84,"column":25},"end":{"line":90,"column":3}}}},"branchMap":{"0":{"loc":{"start":{"line":20,"column":4},"end":{"line":22,"column":5}},"type":"if","locations":[{"start":{"line":20,"column":4},"end":{"line":22,"column":5}},{"start":{},"end":{}}]},"1":{"loc":{"start":{"line":61,"column":4},"end":{"line":63,"column":5}},"type":"if","locations":[{"start":{"line":61,"column":4},"end":{"line":63,"column":5}},{"start":{},"end":{}}]}},"s":{"0":4,"1":4,"2":4,"3":11,"4":3,"5":3,"6":3,"7":2,"8":1,"9":1,"10":1,"11":2,"12":7,"13":7,"14":4,"15":3,"16":2,"17":1,"18":2,"19":1,"20":4,"21":4},"f":{"0":3,"1":2,"2":7,"3":2,"4":2},"b":{"0":[2,1],"1":[4,3]}}
,"/Users/saravillegas/Desktop/S03-26-Equipo-13-Web-App/apps/api/src/user/dto/create-user.dto.ts": {"path":"/Users/saravillegas/Desktop/S03-26-Equipo-13-Web-App/apps/api/src/user/dto/create-user.dto.ts","statementMap":{"0":{"start":{"line":1,"column":0},"end":{"line":1,"column":87}},"1":{"start":{"line":3,"column":0},"end":{"line":3,"column":13}},"2":{"start":{"line":6,"column":2},"end":{"line":6,"column":null}},"3":{"start":{"line":11,"column":2},"end":{"line":11,"column":null}},"4":{"start":{"line":15,"column":2},"end":{"line":15,"column":null}},"5":{"start":{"line":19,"column":2},"end":{"line":19,"column":null}}},"fnMap":{},"branchMap":{},"s":{"0":1,"1":1,"2":1,"3":1,"4":1,"5":1},"f":{},"b":{}}
,"/Users/saravillegas/Desktop/S03-26-Equipo-13-Web-App/apps/api/src/user/dto/update-user.dto.ts": {"path":"/Users/saravillegas/Desktop/S03-26-Equipo-13-Web-App/apps/api/src/user/dto/update-user.dto.ts","statementMap":{"0":{"start":{"line":1,"column":0},"end":{"line":1,"column":46}},"1":{"start":{"line":2,"column":0},"end":{"line":2,"column":50}},"2":{"start":{"line":3,"column":0},"end":{"line":3,"column":null}},"3":{"start":{"line":10,"column":0},"end":{"line":10,"column":13}},"4":{"start":{"line":13,"column":2},"end":{"line":13,"column":null}},"5":{"start":{"line":18,"column":2},"end":{"line":18,"column":null}},"6":{"start":{"line":22,"column":2},"end":{"line":22,"column":null}},"7":{"start":{"line":26,"column":2},"end":{"line":26,"column":null}},"8":{"start":{"line":30,"column":2},"end":{"line":30,"column":null}}},"fnMap":{},"branchMap":{},"s":{"0":1,"1":1,"2":1,"3":1,"4":1,"5":1,"6":1,"7":1,"8":1},"f":{},"b":{}}
,"/Users/saravillegas/Desktop/S03-26-Equipo-13-Web-App/apps/api/src/user/dto/user.out.dto.ts": {"path":"/Users/saravillegas/Desktop/S03-26-Equipo-13-Web-App/apps/api/src/user/dto/user.out.dto.ts","statementMap":{"0":{"start":{"line":1,"column":0},"end":{"line":1,"column":13}}},"fnMap":{},"branchMap":{},"s":{"0":0},"f":{},"b":{}}
}
