TN:
SF:src/app.controller.ts
FN:6,(anonymous_2)
FN:9,(anonymous_3)
FNF:2
FNH:2
FNDA:1,(anonymous_2)
FNDA:1,(anonymous_3)
DA:1,1
DA:2,1
DA:5,1
DA:6,1
DA:9,1
DA:10,1
LF:6
LH:6
BRDA:6,0,0,1
BRDA:6,0,1,0
BRDA:6,1,0,1
BRDA:6,1,1,1
BRF:4
BRH:3
end_of_record
TN:
SF:src/app.module.ts
FNF:0
FNH:0
DA:1,0
DA:2,0
DA:3,0
DA:4,0
DA:5,0
DA:6,0
DA:7,0
DA:8,0
DA:15,0
LF:9
LH:0
BRF:0
BRH:0
end_of_record
TN:
SF:src/app.service.ts
FN:5,(anonymous_1)
FNF:1
FNH:1
FNDA:1,(anonymous_1)
DA:1,1
DA:4,1
DA:6,1
LF:3
LH:3
BRF:0
BRH:0
end_of_record
TN:
SF:src/main.ts
FN:5,bootstrap
FNF:1
FNH:0
FNDA:0,bootstrap
DA:1,0
DA:2,0
DA:3,0
DA:6,0
DA:8,0
DA:15,0
DA:16,0
DA:18,0
DA:20,0
LF:9
LH:0
BRDA:18,0,0,0
BRDA:18,0,1,0
BRF:2
BRH:0
end_of_record
TN:
SF:src/auth/auth.controller.ts
FN:17,(anonymous_4)
FN:20,(anonymous_5)
FN:30,(anonymous_6)
FN:41,(anonymous_7)
FN:47,(anonymous_8)
FNF:5
FNH:5
FNDA:8,(anonymous_4)
FNDA:2,(anonymous_5)
FNDA:2,(anonymous_6)
FNDA:1,(anonymous_7)
FNDA:3,(anonymous_8)
DA:1,1
DA:2,1
DA:10,1
DA:11,1
DA:12,1
DA:13,1
DA:16,1
DA:17,8
DA:20,1
DA:21,2
DA:22,2
DA:24,1
DA:30,1
DA:31,2
DA:32,2
DA:34,1
DA:41,1
DA:42,1
DA:47,1
DA:48,3
DA:49,3
DA:50,2
DA:52,1
LF:23
LH:23
BRDA:49,0,0,2
BRDA:49,0,1,1
BRDA:20,1,0,1
BRDA:20,1,1,0
BRDA:20,2,0,1
BRDA:20,2,1,1
BRDA:30,3,0,1
BRDA:30,3,1,0
BRDA:30,4,0,1
BRDA:30,4,1,1
BRDA:17,5,0,1
BRDA:17,5,1,0
BRDA:17,6,0,1
BRDA:17,6,1,1
BRF:14
BRH:11
end_of_record
TN:
SF:src/auth/auth.module.ts
FNF:0
FNH:0
DA:1,0
DA:2,0
DA:3,0
DA:4,0
DA:5,0
DA:6,0
DA:7,0
DA:21,0
LF:8
LH:0
BRDA:15,0,0,0
BRDA:15,0,1,0
BRF:2
BRH:0
end_of_record
TN:
SF:src/auth/auth.service.ts
FN:11,(anonymous_11)
FN:17,(anonymous_12)
FN:63,(anonymous_13)
FN:106,(anonymous_14)
FN:119,(anonymous_15)
FNF:5
FNH:5
FNDA:10,(anonymous_11)
FNDA:4,(anonymous_12)
FNDA:5,(anonymous_13)
FNDA:2,(anonymous_14)
FNDA:1,(anonymous_15)
DA:1,2
DA:3,2
DA:4,2
DA:5,2
DA:7,2
DA:10,2
DA:12,10
DA:13,10
DA:15,10
DA:18,4
DA:22,4
DA:23,2
DA:25,2
DA:26,2
DA:27,2
DA:28,2
DA:36,2
DA:43,2
DA:44,2
DA:45,2
DA:46,2
DA:51,2
DA:64,5
DA:67,5
DA:68,2
DA:70,3
DA:74,3
DA:75,2
DA:78,1
DA:85,1
DA:86,1
DA:88,1
DA:89,1
DA:94,1
DA:107,2
DA:120,1
LF:36
LH:36
BRDA:22,0,0,2
BRDA:22,0,1,2
BRDA:26,1,0,2
BRDA:26,1,1,2
BRDA:67,2,0,2
BRDA:67,2,1,3
BRDA:74,3,0,2
BRDA:74,3,1,1
BRDA:12,4,0,2
BRDA:12,4,1,0
BRDA:12,5,0,2
BRDA:12,5,1,2
BRDA:12,6,0,2
BRDA:12,6,1,0
BRDA:12,7,0,2
BRDA:12,7,1,2
BRF:16
BRH:14
end_of_record
TN:
SF:src/auth/decorators/roles.decorator.ts
FN:4,(anonymous_0)
FNF:1
FNH:0
FNDA:0,(anonymous_0)
DA:1,0
DA:3,0
DA:4,0
LF:3
LH:0
BRF:0
BRH:0
end_of_record
TN:
SF:src/auth/dto/login.dto.ts
FNF:0
FNH:0
DA:1,1
DA:2,1
DA:4,1
DA:8,1
DA:12,1
LF:5
LH:5
BRF:0
BRH:0
end_of_record
TN:
SF:src/auth/dto/register.dto.ts
FNF:0
FNH:0
DA:2,1
DA:4,1
DA:7,1
DA:12,1
DA:16,1
DA:20,1
LF:6
LH:6
BRF:0
BRH:0
end_of_record
TN:
SF:src/auth/strategies/jwt.strategy.ts
FN:8,(anonymous_2)
FN:16,(anonymous_3)
FNF:2
FNH:0
FNDA:0,(anonymous_2)
FNDA:0,(anonymous_3)
DA:1,0
DA:2,0
DA:3,0
DA:4,0
DA:7,0
DA:8,0
DA:9,0
DA:17,0
DA:21,0
DA:22,0
DA:23,0
DA:25,0
DA:26,0
DA:29,0
LF:14
LH:0
BRDA:12,0,0,0
BRDA:12,0,1,0
BRDA:22,1,0,0
BRDA:22,1,1,0
BRDA:25,2,0,0
BRDA:25,2,1,0
BRDA:25,3,0,0
BRDA:25,3,1,0
BRDA:8,4,0,0
BRDA:8,4,1,0
BRDA:8,5,0,0
BRDA:8,5,1,0
BRF:12
BRH:0
end_of_record
TN:
SF:src/contacts/contacts.controller.ts
FN:19,(anonymous_4)
FN:23,(anonymous_5)
FN:33,(anonymous_6)
FN:39,(anonymous_7)
FN:45,(anonymous_8)
FN:54,(anonymous_9)
FN:63,(anonymous_10)
FNF:7
FNH:1
FNDA:1,(anonymous_4)
FNDA:0,(anonymous_5)
FNDA:0,(anonymous_6)
FNDA:0,(anonymous_7)
FNDA:0,(anonymous_8)
FNDA:0,(anonymous_9)
FNDA:0,(anonymous_10)
DA:1,1
DA:11,1
DA:12,1
DA:13,1
DA:18,1
DA:19,1
DA:23,1
DA:28,0
DA:33,1
DA:34,0
DA:39,1
DA:40,0
DA:45,1
DA:49,0
DA:54,1
DA:58,0
DA:63,1
DA:64,0
LF:18
LH:12
BRDA:28,0,0,0
BRDA:28,0,1,0
BRDA:27,1,0,1
BRDA:27,1,1,0
BRDA:27,2,0,1
BRDA:27,2,1,1
BRDA:33,3,0,1
BRDA:33,3,1,0
BRDA:33,4,0,1
BRDA:33,4,1,1
BRDA:39,5,0,1
BRDA:39,5,1,0
BRDA:39,6,0,1
BRDA:39,6,1,1
BRDA:39,7,0,1
BRDA:39,7,1,0
BRDA:39,8,0,1
BRDA:39,8,1,1
BRDA:47,9,0,0
BRDA:47,9,1,1
BRDA:47,10,0,1
BRDA:47,10,1,0
BRDA:48,11,0,1
BRDA:48,11,1,0
BRDA:48,12,0,1
BRDA:48,12,1,1
BRDA:57,13,0,1
BRDA:57,13,1,0
BRDA:57,14,0,1
BRDA:57,14,1,1
BRDA:63,15,0,1
BRDA:63,15,1,0
BRDA:63,16,0,1
BRDA:63,16,1,1
BRDA:19,17,0,1
BRDA:19,17,1,0
BRDA:19,18,0,1
BRDA:19,18,1,1
BRF:38
BRH:26
end_of_record
TN:
SF:src/contacts/contacts.module.ts
FNF:0
FNH:0
DA:1,0
DA:2,0
DA:3,0
DA:9,0
LF:4
LH:0
BRF:0
BRH:0
end_of_record
TN:
SF:src/contacts/contacts.service.ts
FN:9,(anonymous_1)
FN:30,(anonymous_2)
FN:41,(anonymous_3)
FN:45,(anonymous_4)
FN:52,(anonymous_5)
FN:57,(anonymous_6)
FN:67,(anonymous_7)
FN:72,(anonymous_8)
FNF:8
FNH:0
FNDA:0,(anonymous_1)
FNDA:0,(anonymous_2)
FNDA:0,(anonymous_3)
FNDA:0,(anonymous_4)
FNDA:0,(anonymous_5)
FNDA:0,(anonymous_6)
FNDA:0,(anonymous_7)
FNDA:0,(anonymous_8)
DA:1,2
DA:2,2
DA:5,2
DA:8,2
DA:10,0
DA:11,0
DA:13,0
DA:31,0
DA:36,0
DA:38,0
DA:42,0
DA:46,0
DA:47,0
DA:49,0
DA:53,0
DA:54,0
DA:56,0
DA:58,0
DA:65,0
DA:67,0
DA:73,0
DA:74,0
DA:76,0
LF:23
LH:4
BRDA:9,0,0,0
BRDA:15,1,0,0
BRDA:15,1,1,0
BRDA:16,2,0,0
BRDA:16,2,1,0
BRDA:36,3,0,0
BRDA:36,3,1,0
BRDA:47,4,0,0
BRDA:47,4,1,0
BRDA:54,5,0,0
BRDA:54,5,1,0
BRDA:74,6,0,0
BRDA:74,6,1,0
BRF:13
BRH:0
end_of_record
TN:
SF:src/contacts/create-contact.dto.ts
FNF:0
FNH:0
DA:1,1
DA:2,1
DA:4,1
DA:7,1
DA:11,1
DA:16,1
DA:21,1
DA:26,1
LF:8
LH:8
BRF:0
BRH:0
end_of_record
TN:
SF:src/prisma/prisma.module.ts
FNF:0
FNH:0
DA:1,0
DA:2,0
DA:8,0
LF:3
LH:0
BRF:0
BRH:0
end_of_record
TN:
SF:src/prisma/prisma.service.ts
FN:6,(anonymous_1)
FNF:1
FNH:1
FNDA:1,(anonymous_1)
DA:1,1
DA:2,1
DA:5,1
DA:7,1
LF:4
LH:4
BRF:0
BRH:0
end_of_record
TN:
SF:src/user/user.controller.ts
FN:19,(anonymous_4)
FN:23,(anonymous_5)
FN:28,(anonymous_6)
FN:33,(anonymous_7)
FN:38,(anonymous_8)
FN:43,(anonymous_9)
FNF:6
FNH:6
FNDA:6,(anonymous_4)
FNDA:1,(anonymous_5)
FNDA:1,(anonymous_6)
FNDA:1,(anonymous_7)
FNDA:1,(anonymous_8)
FNDA:1,(anonymous_9)
DA:1,1
DA:13,1
DA:14,1
DA:15,1
DA:18,1
DA:19,6
DA:23,1
DA:24,1
DA:28,1
DA:29,1
DA:33,1
DA:34,1
DA:38,1
DA:39,1
DA:43,1
DA:44,1
LF:16
LH:16
BRDA:23,0,0,1
BRDA:23,0,1,0
BRDA:23,1,0,1
BRDA:23,1,1,1
BRDA:38,2,0,1
BRDA:38,2,1,0
BRDA:38,3,0,1
BRDA:38,3,1,1
BRDA:19,4,0,1
BRDA:19,4,1,0
BRDA:19,5,0,1
BRDA:19,5,1,1
BRF:12
BRH:9
end_of_record
TN:
SF:src/user/user.module.ts
FNF:0
FNH:0
DA:1,0
DA:2,0
DA:3,0
DA:10,0
LF:4
LH:0
BRF:0
BRH:0
end_of_record
TN:
SF:src/user/user.service.ts
FN:15,(anonymous_1)
FN:37,(anonymous_2)
FN:49,(anonymous_3)
FN:68,(anonymous_4)
FN:84,(anonymous_5)
FNF:5
FNH:5
FNDA:3,(anonymous_1)
FNDA:2,(anonymous_2)
FNDA:7,(anonymous_3)
FNDA:2,(anonymous_4)
FNDA:2,(anonymous_5)
DA:1,4
DA:6,4
DA:12,4
DA:13,11
DA:16,3
DA:17,3
DA:20,3
DA:21,2
DA:23,1
DA:33,1
DA:34,1
DA:38,2
DA:50,7
DA:61,7
DA:62,4
DA:65,3
DA:69,2
DA:71,1
DA:85,2
DA:87,1
LF:20
LH:20
BRDA:20,0,0,2
BRDA:20,0,1,1
BRDA:61,1,0,4
BRDA:61,1,1,3
BRF:4
BRH:4
end_of_record
TN:
SF:src/user/dto/create-user.dto.ts
FNF:0
FNH:0
DA:1,1
DA:3,1
DA:6,1
DA:11,1
DA:15,1
DA:19,1
LF:6
LH:6
BRF:0
BRH:0
end_of_record
TN:
SF:src/user/dto/update-user.dto.ts
FNF:0
FNH:0
DA:1,1
DA:2,1
DA:3,1
DA:10,1
DA:13,1
DA:18,1
DA:22,1
DA:26,1
DA:30,1
LF:9
LH:9
BRF:0
BRH:0
end_of_record
TN:
SF:src/user/dto/user.out.dto.ts
FNF:0
FNH:0
DA:1,0
LF:1
LH:0
BRF:0
BRH:0
end_of_record
